BaseAnimation/build/outputs/logs/manifest-merger-debug-report.txt
-- Merging decision tree log ---
manifest
ADDED from BaseAnimation/BaseAnimation/AndroidManifest.xml:2:1-557:12
	xmlns:android
		ADDED from BaseAnimation/BaseAnimation/AndroidManifest.xml:2:11-69
	package
		ADDED from BaseAnimation/BaseAnimation/AndroidManifest.xml:3:5-40
	android:versionName
		ADDED from BaseAnimation/BaseAnimation/AndroidManifest.xml:5:5-32
		INJECTED from BaseAnimation/BaseAnimation/AndroidManifest.xml
		INJECTED from BaseAnimation/BaseAnimation/AndroidManifest.xml
	android:versionCode
		ADDED from BaseAnimation/BaseAnimation/AndroidManifest.xml:4:5-30
		INJECTED from BaseAnimation/BaseAnimation/AndroidManifest.xml
		INJECTED from BaseAnimation/BaseAnimation/AndroidManifest.xml
uses-sdk
ADDED from BaseAnimation/BaseAnimation/AndroidManifest.xml:7:5-9:41
MERGED from [BaseAnimation:BAnim_FilpLibrary:unspecified] AndroidManifest.xml:7:5-9:41
MERGED from [BaseAnimation:BAnim_ListViewLibrary:unspecified] AndroidManifest.xml:7:5-9:41
MERGED from [com.android.support:support-v4:23.4.0] AndroidManifest.xml:20:5-43
	android:targetSdkVersion
		ADDED from BaseAnimation/BaseAnimation/AndroidManifest.xml:9:9-38
	android:minSdkVersion
		ADDED from BaseAnimation/BaseAnimation/AndroidManifest.xml:8:9-35
permission#com.duguang.baseanimation.permission.JPUSH_MESSAGE
ADDED from BaseAnimation/BaseAnimation/AndroidManifest.xml:13:5-15:47
	android:protectionLevel
		ADDED from BaseAnimation/BaseAnimation/AndroidManifest.xml:15:9-44
	android:name
		ADDED from BaseAnimation/BaseAnimation/AndroidManifest.xml:14:9-74
uses-permission#com.android.vending.BILLING
ADDED from BaseAnimation/BaseAnimation/AndroidManifest.xml:18:5-67
	android:name
		ADDED from BaseAnimation/BaseAnimation/AndroidManifest.xml:18:22-64
uses-permission#com.duguang.baseanimation.permission.JPUSH_MESSAGE
ADDED from BaseAnimation/BaseAnimation/AndroidManifest.xml:21:5-90
	android:name
		ADDED from BaseAnimation/BaseAnimation/AndroidManifest.xml:21:22-87
uses-permission#android.permission.RECEIVE_USER_PRESENT
ADDED from BaseAnimation/BaseAnimation/AndroidManifest.xml:22:5-79
	android:name
		ADDED from BaseAnimation/BaseAnimation/AndroidManifest.xml:22:22-76
uses-permission#android.permission.INTERNET
ADDED from BaseAnimation/BaseAnimation/AndroidManifest.xml:23:5-67
	android:name
		ADDED from BaseAnimation/BaseAnimation/AndroidManifest.xml:23:22-64
uses-permission#android.permission.WAKE_LOCK
ADDED from BaseAnimation/BaseAnimation/AndroidManifest.xml:24:5-68
	android:name
		ADDED from BaseAnimation/BaseAnimation/AndroidManifest.xml:24:22-65
uses-permission#android.permission.READ_PHONE_STATE
ADDED from BaseAnimation/BaseAnimation/AndroidManifest.xml:25:5-75
	android:name
		ADDED from BaseAnimation/BaseAnimation/AndroidManifest.xml:25:22-72
uses-permission#android.permission.WRITE_EXTERNAL_STORAGE
ADDED from BaseAnimation/BaseAnimation/AndroidManifest.xml:26:5-81
	android:name
		ADDED from BaseAnimation/BaseAnimation/AndroidManifest.xml:26:22-78
uses-permission#android.permission.READ_EXTERNAL_STORAGE
ADDED from BaseAnimation/BaseAnimation/AndroidManifest.xml:27:5-80
	android:name
		ADDED from BaseAnimation/BaseAnimation/AndroidManifest.xml:27:22-77
uses-permission#android.permission.VIBRATE
ADDED from BaseAnimation/BaseAnimation/AndroidManifest.xml:28:5-66
	android:name
		ADDED from BaseAnimation/BaseAnimation/AndroidManifest.xml:28:22-63
uses-permission#android.permission.MOUNT_UNMOUNT_FILESYSTEMS
ADDED from BaseAnimation/BaseAnimation/AndroidManifest.xml:29:5-84
	android:name
		ADDED from BaseAnimation/BaseAnimation/AndroidManifest.xml:29:22-81
uses-permission#android.permission.ACCESS_NETWORK_STATE
ADDED from BaseAnimation/BaseAnimation/AndroidManifest.xml:30:5-79
	android:name
		ADDED from BaseAnimation/BaseAnimation/AndroidManifest.xml:30:22-76
uses-permission#android.permission.SYSTEM_ALERT_WINDOW
ADDED from BaseAnimation/BaseAnimation/AndroidManifest.xml:31:5-78
	android:name
		ADDED from BaseAnimation/BaseAnimation/AndroidManifest.xml:31:22-75
uses-permission#android.permission.ACCESS_COARSE_LOCATION
ADDED from BaseAnimation/BaseAnimation/AndroidManifest.xml:34:5-81
	android:name
		ADDED from BaseAnimation/BaseAnimation/AndroidManifest.xml:34:22-78
uses-permission#android.permission.ACCESS_WIFI_STATE
ADDED from BaseAnimation/BaseAnimation/AndroidManifest.xml:35:5-76
	android:name
		ADDED from BaseAnimation/BaseAnimation/AndroidManifest.xml:35:22-73
uses-permission#android.permission.CHANGE_WIFI_STATE
ADDED from BaseAnimation/BaseAnimation/AndroidManifest.xml:36:5-76
	android:name
		ADDED from BaseAnimation/BaseAnimation/AndroidManifest.xml:36:22-73
uses-permission#android.permission.ACCESS_FINE_LOCATION
ADDED from BaseAnimation/BaseAnimation/AndroidManifest.xml:37:5-79
	android:name
		ADDED from BaseAnimation/BaseAnimation/AndroidManifest.xml:37:22-76
uses-permission#android.permission.ACCESS_LOCATION_EXTRA_COMMANDS
ADDED from BaseAnimation/BaseAnimation/AndroidManifest.xml:38:5-89
	android:name
		ADDED from BaseAnimation/BaseAnimation/AndroidManifest.xml:38:22-86
uses-permission#android.permission.CHANGE_NETWORK_STATE
ADDED from BaseAnimation/BaseAnimation/AndroidManifest.xml:39:5-79
	android:name
		ADDED from BaseAnimation/BaseAnimation/AndroidManifest.xml:39:22-76
application
ADDED from BaseAnimation/BaseAnimation/AndroidManifest.xml:42:5-555:19
MERGED from [com.android.support:support-v4:23.4.0] AndroidManifest.xml:22:5-20
	android:label
		ADDED from BaseAnimation/BaseAnimation/AndroidManifest.xml:45:9-41
	android:allowBackup
		ADDED from BaseAnimation/BaseAnimation/AndroidManifest.xml:43:9-35
	android:icon
		ADDED from BaseAnimation/BaseAnimation/AndroidManifest.xml:44:9-45
	android:theme
		ADDED from BaseAnimation/BaseAnimation/AndroidManifest.xml:46:9-77
activity#com.duguang.baseanimation.ui.MainActivity
ADDED from BaseAnimation/BaseAnimation/AndroidManifest.xml:50:9-58:20
	android:label
		ADDED from BaseAnimation/BaseAnimation/AndroidManifest.xml:52:13-45
	android:name
		ADDED from BaseAnimation/BaseAnimation/AndroidManifest.xml:51:13-69
intent-filter#android.intent.action.MAIN+android.intent.category.LAUNCHER
ADDED from BaseAnimation/BaseAnimation/AndroidManifest.xml:53:13-57:29
action#android.intent.action.MAIN
ADDED from BaseAnimation/BaseAnimation/AndroidManifest.xml:54:17-69
	android:name
		ADDED from BaseAnimation/BaseAnimation/AndroidManifest.xml:54:25-66
category#android.intent.category.LAUNCHER
ADDED from BaseAnimation/BaseAnimation/AndroidManifest.xml:56:17-77
	android:name
		ADDED from BaseAnimation/BaseAnimation/AndroidManifest.xml:56:27-74
activity#com.duguang.baseanimation.ui.SimpleActivity
ADDED from BaseAnimation/BaseAnimation/AndroidManifest.xml:63:9-64:20
	android:name
		ADDED from BaseAnimation/BaseAnimation/AndroidManifest.xml:63:19-77
activity#com.duguang.baseanimation.ui.ComplexActivity
ADDED from BaseAnimation/BaseAnimation/AndroidManifest.xml:65:9-66:20
	android:name
		ADDED from BaseAnimation/BaseAnimation/AndroidManifest.xml:65:19-78
activity#com.duguang.baseanimation.ui.AboutActivity
ADDED from BaseAnimation/BaseAnimation/AndroidManifest.xml:67:9-70:20
	android:name
		ADDED from BaseAnimation/BaseAnimation/AndroidManifest.xml:68:13-70
	android:launchMode
		ADDED from BaseAnimation/BaseAnimation/AndroidManifest.xml:69:13-44
activity#com.duguang.baseanimation.ui.splash.ZakerActivity
ADDED from BaseAnimation/BaseAnimation/AndroidManifest.xml:73:9-86
	android:name
		ADDED from BaseAnimation/BaseAnimation/AndroidManifest.xml:73:19-83
activity#com.duguang.baseanimation.ui.splash.SplashMainActivity
ADDED from BaseAnimation/BaseAnimation/AndroidManifest.xml:74:9-91
	android:name
		ADDED from BaseAnimation/BaseAnimation/AndroidManifest.xml:74:19-88
activity#com.duguang.baseanimation.ui.splash.LensFocusActivity
ADDED from BaseAnimation/BaseAnimation/AndroidManifest.xml:75:9-90
	android:name
		ADDED from BaseAnimation/BaseAnimation/AndroidManifest.xml:75:19-87
activity#com.duguang.baseanimation.ui.splash.RotateActivity
ADDED from BaseAnimation/BaseAnimation/AndroidManifest.xml:76:9-87
	android:name
		ADDED from BaseAnimation/BaseAnimation/AndroidManifest.xml:76:19-84
activity#com.duguang.baseanimation.ui.splash.Rotate3DActivity
ADDED from BaseAnimation/BaseAnimation/AndroidManifest.xml:77:9-89
	android:name
		ADDED from BaseAnimation/BaseAnimation/AndroidManifest.xml:77:19-86
activity#com.duguang.baseanimation.ui.splash.ViewPagerActivity
ADDED from BaseAnimation/BaseAnimation/AndroidManifest.xml:78:9-90
	android:name
		ADDED from BaseAnimation/BaseAnimation/AndroidManifest.xml:78:19-87
activity#com.duguang.baseanimation.ui.splash.splitActivity.Activity1
ADDED from BaseAnimation/BaseAnimation/AndroidManifest.xml:79:9-96
	android:name
		ADDED from BaseAnimation/BaseAnimation/AndroidManifest.xml:79:19-93
activity#com.duguang.baseanimation.ui.splash.splitActivity.Activity2
ADDED from BaseAnimation/BaseAnimation/AndroidManifest.xml:80:9-96
	android:name
		ADDED from BaseAnimation/BaseAnimation/AndroidManifest.xml:80:19-93
activity#com.duguang.baseanimation.ui.splash.splitActivity.Activity3
ADDED from BaseAnimation/BaseAnimation/AndroidManifest.xml:81:9-96
	android:name
		ADDED from BaseAnimation/BaseAnimation/AndroidManifest.xml:81:19-93
activity#com.duguang.baseanimation.ui.splash.splitActivity.Activity4
ADDED from BaseAnimation/BaseAnimation/AndroidManifest.xml:82:9-96
	android:name
		ADDED from BaseAnimation/BaseAnimation/AndroidManifest.xml:82:19-93
activity#com.duguang.baseanimation.ui.splash.fade.FadeMainActivity
ADDED from BaseAnimation/BaseAnimation/AndroidManifest.xml:83:9-94
	android:name
		ADDED from BaseAnimation/BaseAnimation/AndroidManifest.xml:83:19-91
activity#com.duguang.baseanimation.ui.splash.fade.FadeSplashScreenActivity
ADDED from BaseAnimation/BaseAnimation/AndroidManifest.xml:84:9-102
	android:name
		ADDED from BaseAnimation/BaseAnimation/AndroidManifest.xml:84:19-99
activity#com.duguang.baseanimation.ui.splash.fade2.Fade2MainActivity
ADDED from BaseAnimation/BaseAnimation/AndroidManifest.xml:85:9-96
	android:name
		ADDED from BaseAnimation/BaseAnimation/AndroidManifest.xml:85:19-93
activity#com.duguang.baseanimation.ui.splash.BackGroundColor.BackGroundColorAnimationActivity
ADDED from BaseAnimation/BaseAnimation/AndroidManifest.xml:86:9-121
	android:name
		ADDED from BaseAnimation/BaseAnimation/AndroidManifest.xml:86:19-118
activity#com.duguang.baseanimation.ui.flip.FlipMainActivity
ADDED from BaseAnimation/BaseAnimation/AndroidManifest.xml:91:9-87
	android:name
		ADDED from BaseAnimation/BaseAnimation/AndroidManifest.xml:91:19-84
activity#com.duguang.baseanimation.ui.flip.FlipTextViewActivity
ADDED from BaseAnimation/BaseAnimation/AndroidManifest.xml:92:9-91
	android:name
		ADDED from BaseAnimation/BaseAnimation/AndroidManifest.xml:92:19-88
activity#com.duguang.baseanimation.ui.flip.FlipButtonActivity
ADDED from BaseAnimation/BaseAnimation/AndroidManifest.xml:93:9-89
	android:name
		ADDED from BaseAnimation/BaseAnimation/AndroidManifest.xml:93:19-86
activity#com.duguang.baseanimation.ui.flip.FlipComplexLayoutActivity
ADDED from BaseAnimation/BaseAnimation/AndroidManifest.xml:94:9-96
	android:name
		ADDED from BaseAnimation/BaseAnimation/AndroidManifest.xml:94:19-93
activity#com.duguang.baseanimation.ui.flip.FlipDeleteAdapterActivity
ADDED from BaseAnimation/BaseAnimation/AndroidManifest.xml:95:9-96
	android:name
		ADDED from BaseAnimation/BaseAnimation/AndroidManifest.xml:95:19-93
activity#com.duguang.baseanimation.ui.flip.FlipAsyncContentActivity
ADDED from BaseAnimation/BaseAnimation/AndroidManifest.xml:96:9-95
	android:name
		ADDED from BaseAnimation/BaseAnimation/AndroidManifest.xml:96:19-92
activity#com.duguang.baseanimation.ui.flip.FlipTextViewAltActivity
ADDED from BaseAnimation/BaseAnimation/AndroidManifest.xml:97:9-94
	android:name
		ADDED from BaseAnimation/BaseAnimation/AndroidManifest.xml:97:19-91
activity#com.duguang.baseanimation.ui.flip.FlipHorizontalLayoutActivity
ADDED from BaseAnimation/BaseAnimation/AndroidManifest.xml:98:9-99
	android:name
		ADDED from BaseAnimation/BaseAnimation/AndroidManifest.xml:98:19-96
activity#com.duguang.baseanimation.ui.flip.FlipTextViewXmlActivity
ADDED from BaseAnimation/BaseAnimation/AndroidManifest.xml:99:9-94
	android:name
		ADDED from BaseAnimation/BaseAnimation/AndroidManifest.xml:99:19-91
activity#com.duguang.baseanimation.ui.flip.Issue5Activity
ADDED from BaseAnimation/BaseAnimation/AndroidManifest.xml:100:9-85
	android:name
		ADDED from BaseAnimation/BaseAnimation/AndroidManifest.xml:100:19-82
activity#com.duguang.baseanimation.ui.flip.FlipFragmentActivity
ADDED from BaseAnimation/BaseAnimation/AndroidManifest.xml:101:9-91
	android:name
		ADDED from BaseAnimation/BaseAnimation/AndroidManifest.xml:101:19-88
activity#com.duguang.baseanimation.ui.flip.FlipDynamicAdapterActivity
ADDED from BaseAnimation/BaseAnimation/AndroidManifest.xml:102:9-97
	android:name
		ADDED from BaseAnimation/BaseAnimation/AndroidManifest.xml:102:19-94
activity#com.duguang.baseanimation.ui.flip.FlipWebViewActivity
ADDED from BaseAnimation/BaseAnimation/AndroidManifest.xml:103:9-90
	android:name
		ADDED from BaseAnimation/BaseAnimation/AndroidManifest.xml:103:19-87
activity#com.duguang.baseanimation.ui.flip.Issue51Activity
ADDED from BaseAnimation/BaseAnimation/AndroidManifest.xml:104:9-86
	android:name
		ADDED from BaseAnimation/BaseAnimation/AndroidManifest.xml:104:19-83
activity#com.duguang.baseanimation.ui.imitate.ImitateMainActivity
ADDED from BaseAnimation/BaseAnimation/AndroidManifest.xml:109:9-111:47
	android:name
		ADDED from BaseAnimation/BaseAnimation/AndroidManifest.xml:110:13-84
	android:launchMode
		ADDED from BaseAnimation/BaseAnimation/AndroidManifest.xml:111:13-44
activity#com.duguang.baseanimation.ui.imitate.OutTicketActivity
ADDED from BaseAnimation/BaseAnimation/AndroidManifest.xml:112:9-114:47
	android:name
		ADDED from BaseAnimation/BaseAnimation/AndroidManifest.xml:113:13-82
	android:launchMode
		ADDED from BaseAnimation/BaseAnimation/AndroidManifest.xml:114:13-44
activity#com.duguang.baseanimation.ui.imitate.TaobaoPathbutton.TaobaoActivity
ADDED from BaseAnimation/BaseAnimation/AndroidManifest.xml:115:9-117:47
	android:name
		ADDED from BaseAnimation/BaseAnimation/AndroidManifest.xml:116:13-96
	android:launchMode
		ADDED from BaseAnimation/BaseAnimation/AndroidManifest.xml:117:13-44
activity#com.duguang.baseanimation.ui.imitate.YouKuActivity
ADDED from BaseAnimation/BaseAnimation/AndroidManifest.xml:118:9-120:47
	android:name
		ADDED from BaseAnimation/BaseAnimation/AndroidManifest.xml:119:13-78
	android:launchMode
		ADDED from BaseAnimation/BaseAnimation/AndroidManifest.xml:120:13-44
activity#com.duguang.baseanimation.ui.imitate.SpinnerMainActivity
ADDED from BaseAnimation/BaseAnimation/AndroidManifest.xml:121:9-123:47
	android:name
		ADDED from BaseAnimation/BaseAnimation/AndroidManifest.xml:122:13-84
	android:launchMode
		ADDED from BaseAnimation/BaseAnimation/AndroidManifest.xml:123:13-44
activity#com.duguang.baseanimation.ui.imitate.gallery.GalleryMainActivity
ADDED from BaseAnimation/BaseAnimation/AndroidManifest.xml:124:9-126:47
	android:name
		ADDED from BaseAnimation/BaseAnimation/AndroidManifest.xml:125:13-92
	android:launchMode
		ADDED from BaseAnimation/BaseAnimation/AndroidManifest.xml:126:13-44
activity#com.duguang.baseanimation.ui.imitate.RadarMainActivity
ADDED from BaseAnimation/BaseAnimation/AndroidManifest.xml:127:9-129:47
	android:name
		ADDED from BaseAnimation/BaseAnimation/AndroidManifest.xml:128:13-82
	android:launchMode
		ADDED from BaseAnimation/BaseAnimation/AndroidManifest.xml:129:13-44
activity#com.duguang.baseanimation.ui.imitate.counter.CalculatorActivity
ADDED from BaseAnimation/BaseAnimation/AndroidManifest.xml:130:9-100
	android:name
		ADDED from BaseAnimation/BaseAnimation/AndroidManifest.xml:130:19-97
activity#com.duguang.baseanimation.ui.imitate.counter.HelpAboutActivity
ADDED from BaseAnimation/BaseAnimation/AndroidManifest.xml:131:9-99
	android:name
		ADDED from BaseAnimation/BaseAnimation/AndroidManifest.xml:131:19-96
activity#com.duguang.baseanimation.ui.imitate.counter.MoreFunctionsActivity
ADDED from BaseAnimation/BaseAnimation/AndroidManifest.xml:132:9-103
	android:name
		ADDED from BaseAnimation/BaseAnimation/AndroidManifest.xml:132:19-100
activity#com.duguang.baseanimation.ui.imitate.biaopan.BiaoPanMainActivity
ADDED from BaseAnimation/BaseAnimation/AndroidManifest.xml:133:9-101
	android:name
		ADDED from BaseAnimation/BaseAnimation/AndroidManifest.xml:133:19-98
activity#com.duguang.baseanimation.ui.imitate.waterfall.WaterfallMainActivity
ADDED from BaseAnimation/BaseAnimation/AndroidManifest.xml:134:9-105
	android:name
		ADDED from BaseAnimation/BaseAnimation/AndroidManifest.xml:134:19-102
activity#com.duguang.baseanimation.ui.imitate.fang360.RootblockMainActivity
ADDED from BaseAnimation/BaseAnimation/AndroidManifest.xml:135:9-103
	android:name
		ADDED from BaseAnimation/BaseAnimation/AndroidManifest.xml:135:19-100
activity#com.duguang.baseanimation.ui.imitate.wheel.WheelMainActivity
ADDED from BaseAnimation/BaseAnimation/AndroidManifest.xml:136:9-97
	android:name
		ADDED from BaseAnimation/BaseAnimation/AndroidManifest.xml:136:19-94
activity#com.duguang.baseanimation.ui.imitate.widget.WidgetMainActivity
ADDED from BaseAnimation/BaseAnimation/AndroidManifest.xml:137:9-99
	android:name
		ADDED from BaseAnimation/BaseAnimation/AndroidManifest.xml:137:19-96
activity#com.duguang.baseanimation.ui.imitate.weixin.WeixinChatDemoActivity
ADDED from BaseAnimation/BaseAnimation/AndroidManifest.xml:138:9-103
	android:name
		ADDED from BaseAnimation/BaseAnimation/AndroidManifest.xml:138:19-100
activity#com.duguang.baseanimation.ui.imitate.viberation.ViberationMain
ADDED from BaseAnimation/BaseAnimation/AndroidManifest.xml:139:9-99
	android:name
		ADDED from BaseAnimation/BaseAnimation/AndroidManifest.xml:139:19-96
activity#com.duguang.baseanimation.ui.imitate.SlidingDrawerMainActivity
ADDED from BaseAnimation/BaseAnimation/AndroidManifest.xml:140:9-99
	android:name
		ADDED from BaseAnimation/BaseAnimation/AndroidManifest.xml:140:19-96
activity#com.duguang.baseanimation.ui.imitate.taobaoPath2.PathMenuMainActivity
ADDED from BaseAnimation/BaseAnimation/AndroidManifest.xml:141:9-106
	android:name
		ADDED from BaseAnimation/BaseAnimation/AndroidManifest.xml:141:19-103
activity#com.duguang.baseanimation.ui.imitate.addshopcartanim.AddShopCartMainActivity
ADDED from BaseAnimation/BaseAnimation/AndroidManifest.xml:142:9-113
	android:name
		ADDED from BaseAnimation/BaseAnimation/AndroidManifest.xml:142:19-110
activity#com.duguang.baseanimation.ui.imitate.titanic.TitanicMainActivity
ADDED from BaseAnimation/BaseAnimation/AndroidManifest.xml:143:4-96
	android:name
		ADDED from BaseAnimation/BaseAnimation/AndroidManifest.xml:143:14-93
activity#com.duguang.baseanimation.ui.listivew.ListViewMani
ADDED from BaseAnimation/BaseAnimation/AndroidManifest.xml:148:9-150:47
	android:name
		ADDED from BaseAnimation/BaseAnimation/AndroidManifest.xml:149:13-78
	android:launchMode
		ADDED from BaseAnimation/BaseAnimation/AndroidManifest.xml:150:13-44
activity#com.duguang.baseanimation.ui.listivew.deletelistview.DeleteListViewMainActivity
ADDED from BaseAnimation/BaseAnimation/AndroidManifest.xml:151:9-153:47
	android:name
		ADDED from BaseAnimation/BaseAnimation/AndroidManifest.xml:152:13-107
	android:launchMode
		ADDED from BaseAnimation/BaseAnimation/AndroidManifest.xml:153:13-44
activity#com.duguang.baseanimation.ui.listivew.refresh.RefreshMainActivity
ADDED from BaseAnimation/BaseAnimation/AndroidManifest.xml:154:9-156:47
	android:name
		ADDED from BaseAnimation/BaseAnimation/AndroidManifest.xml:155:13-93
	android:launchMode
		ADDED from BaseAnimation/BaseAnimation/AndroidManifest.xml:156:13-44
activity#com.duguang.baseanimation.ui.listivew.sortlistview.SortListViewMainActivity
ADDED from BaseAnimation/BaseAnimation/AndroidManifest.xml:157:9-159:47
	android:name
		ADDED from BaseAnimation/BaseAnimation/AndroidManifest.xml:158:13-103
	android:launchMode
		ADDED from BaseAnimation/BaseAnimation/AndroidManifest.xml:159:13-44
activity#com.duguang.baseanimation.ui.listivew.indexlistview.IndexMainActivity
ADDED from BaseAnimation/BaseAnimation/AndroidManifest.xml:160:9-162:47
	android:name
		ADDED from BaseAnimation/BaseAnimation/AndroidManifest.xml:161:13-97
	android:launchMode
		ADDED from BaseAnimation/BaseAnimation/AndroidManifest.xml:162:13-44
activity#com.duguang.baseanimation.ui.listivew.deleteleft.DeleteLeftMainActivity
ADDED from BaseAnimation/BaseAnimation/AndroidManifest.xml:163:9-165:47
	android:name
		ADDED from BaseAnimation/BaseAnimation/AndroidManifest.xml:164:13-99
	android:launchMode
		ADDED from BaseAnimation/BaseAnimation/AndroidManifest.xml:165:13-44
activity#com.duguang.baseanimation.ui.listivew.deletealpha.DeleteAlphaMainActivity
ADDED from BaseAnimation/BaseAnimation/AndroidManifest.xml:166:9-168:47
	android:name
		ADDED from BaseAnimation/BaseAnimation/AndroidManifest.xml:167:13-101
	android:launchMode
		ADDED from BaseAnimation/BaseAnimation/AndroidManifest.xml:168:13-44
activity#com.duguang.baseanimation.ui.listivew.listviews.ListViewsMainActivity
ADDED from BaseAnimation/BaseAnimation/AndroidManifest.xml:169:9-171:47
	android:theme
		ADDED from BaseAnimation/BaseAnimation/AndroidManifest.xml:171:13-44
	android:name
		ADDED from BaseAnimation/BaseAnimation/AndroidManifest.xml:170:13-97
activity#com.duguang.baseanimation.ui.listivew.listviews.MyListActivity
ADDED from BaseAnimation/BaseAnimation/AndroidManifest.xml:172:9-99
	android:name
		ADDED from BaseAnimation/BaseAnimation/AndroidManifest.xml:172:19-96
activity#com.duguang.baseanimation.ui.listivew.listviews.appearanceexamples.AppearanceExamplesActivity
ADDED from BaseAnimation/BaseAnimation/AndroidManifest.xml:173:9-175:50
	android:label
		ADDED from BaseAnimation/BaseAnimation/AndroidManifest.xml:175:13-47
	android:name
		ADDED from BaseAnimation/BaseAnimation/AndroidManifest.xml:174:13-121
activity#com.duguang.baseanimation.ui.listivew.listviews.GoogleCardsActivity
ADDED from BaseAnimation/BaseAnimation/AndroidManifest.xml:176:9-178:51
	android:label
		ADDED from BaseAnimation/BaseAnimation/AndroidManifest.xml:178:13-48
	android:name
		ADDED from BaseAnimation/BaseAnimation/AndroidManifest.xml:177:13-95
activity#com.duguang.baseanimation.ui.listivew.listviews.itemmanipulationexamples.ItemManipulationsExamplesActivity
ADDED from BaseAnimation/BaseAnimation/AndroidManifest.xml:179:9-181:56
	android:label
		ADDED from BaseAnimation/BaseAnimation/AndroidManifest.xml:181:13-53
	android:name
		ADDED from BaseAnimation/BaseAnimation/AndroidManifest.xml:180:13-134
activity#com.duguang.baseanimation.ui.listivew.listviews.itemmanipulationexamples.DragAndDropActivity
ADDED from BaseAnimation/BaseAnimation/AndroidManifest.xml:182:9-184:51
	android:label
		ADDED from BaseAnimation/BaseAnimation/AndroidManifest.xml:184:13-48
	android:name
		ADDED from BaseAnimation/BaseAnimation/AndroidManifest.xml:183:13-120
activity#com.duguang.baseanimation.ui.listivew.listviews.itemmanipulationexamples.SwipeDismissActivity
ADDED from BaseAnimation/BaseAnimation/AndroidManifest.xml:185:9-187:52
	android:label
		ADDED from BaseAnimation/BaseAnimation/AndroidManifest.xml:187:13-49
	android:name
		ADDED from BaseAnimation/BaseAnimation/AndroidManifest.xml:186:13-121
activity#com.duguang.baseanimation.ui.listivew.listviews.itemmanipulationexamples.AnimateDismissActivity
ADDED from BaseAnimation/BaseAnimation/AndroidManifest.xml:188:9-190:54
	android:label
		ADDED from BaseAnimation/BaseAnimation/AndroidManifest.xml:190:13-51
	android:name
		ADDED from BaseAnimation/BaseAnimation/AndroidManifest.xml:189:13-123
activity#com.duguang.baseanimation.ui.listivew.listviews.GridViewActivity
ADDED from BaseAnimation/BaseAnimation/AndroidManifest.xml:191:9-193:55
	android:label
		ADDED from BaseAnimation/BaseAnimation/AndroidManifest.xml:193:13-52
	android:name
		ADDED from BaseAnimation/BaseAnimation/AndroidManifest.xml:192:13-92
activity#com.duguang.baseanimation.ui.listivew.listviews.itemmanipulationexamples.ExpandableListItemActivity
ADDED from BaseAnimation/BaseAnimation/AndroidManifest.xml:194:9-196:65
	android:label
		ADDED from BaseAnimation/BaseAnimation/AndroidManifest.xml:196:13-62
	android:name
		ADDED from BaseAnimation/BaseAnimation/AndroidManifest.xml:195:13-127
activity#com.duguang.baseanimation.ui.listivew.interceptor.ListViewInterceptorMainActivity
ADDED from BaseAnimation/BaseAnimation/AndroidManifest.xml:197:9-118
	android:name
		ADDED from BaseAnimation/BaseAnimation/AndroidManifest.xml:197:19-115
activity#com.duguang.baseanimation.ui.listivew.listforpage.ListForPageMainActivity
ADDED from BaseAnimation/BaseAnimation/AndroidManifest.xml:198:9-110
	android:name
		ADDED from BaseAnimation/BaseAnimation/AndroidManifest.xml:198:19-107
activity#com.duguang.baseanimation.ui.tab.paralloid.ParalloidHomeActivity
ADDED from BaseAnimation/BaseAnimation/AndroidManifest.xml:199:9-101
	android:name
		ADDED from BaseAnimation/BaseAnimation/AndroidManifest.xml:199:19-98
activity#com.duguang.baseanimation.ui.customview.CustomViewMainActivity
ADDED from BaseAnimation/BaseAnimation/AndroidManifest.xml:205:9-99
	android:name
		ADDED from BaseAnimation/BaseAnimation/AndroidManifest.xml:205:19-96
activity#com.duguang.baseanimation.ui.customview.clickdeflect.ClickDeflectActivity
ADDED from BaseAnimation/BaseAnimation/AndroidManifest.xml:206:9-110
	android:name
		ADDED from BaseAnimation/BaseAnimation/AndroidManifest.xml:206:19-107
activity#com.duguang.baseanimation.ui.customview.morecustom.MoreCustomMainActivity
ADDED from BaseAnimation/BaseAnimation/AndroidManifest.xml:207:9-110
	android:name
		ADDED from BaseAnimation/BaseAnimation/AndroidManifest.xml:207:19-107
activity#com.duguang.baseanimation.ui.customview.circlemenu.CircleMenuMainActivity
ADDED from BaseAnimation/BaseAnimation/AndroidManifest.xml:208:9-110
	android:name
		ADDED from BaseAnimation/BaseAnimation/AndroidManifest.xml:208:19-107
activity#com.duguang.baseanimation.ui.customview.titlelistview.TitleListViewMainActivity
ADDED from BaseAnimation/BaseAnimation/AndroidManifest.xml:209:9-116
	android:name
		ADDED from BaseAnimation/BaseAnimation/AndroidManifest.xml:209:19-113
activity#com.duguang.baseanimation.ui.customview.gallerylistview.GalleryListViewMain
ADDED from BaseAnimation/BaseAnimation/AndroidManifest.xml:210:9-112
	android:name
		ADDED from BaseAnimation/BaseAnimation/AndroidManifest.xml:210:19-109
activity#com.duguang.baseanimation.ui.customview.ribbomenu.RibbonMainActivity
ADDED from BaseAnimation/BaseAnimation/AndroidManifest.xml:211:9-105
	android:name
		ADDED from BaseAnimation/BaseAnimation/AndroidManifest.xml:211:19-102
activity#com.duguang.baseanimation.ui.customview.hscrollview.ScrollviewMainActivity
ADDED from BaseAnimation/BaseAnimation/AndroidManifest.xml:212:9-111
	android:name
		ADDED from BaseAnimation/BaseAnimation/AndroidManifest.xml:212:19-108
activity#com.duguang.baseanimation.ui.customview.progressbar.ProgressBarMain
ADDED from BaseAnimation/BaseAnimation/AndroidManifest.xml:213:9-104
	android:name
		ADDED from BaseAnimation/BaseAnimation/AndroidManifest.xml:213:19-101
activity#com.duguang.baseanimation.ui.customview.progressbar.ProgressBar_Color
ADDED from BaseAnimation/BaseAnimation/AndroidManifest.xml:214:9-106
	android:name
		ADDED from BaseAnimation/BaseAnimation/AndroidManifest.xml:214:19-103
activity#com.duguang.baseanimation.ui.customview.progressbar.ProgressBar_Indeter
ADDED from BaseAnimation/BaseAnimation/AndroidManifest.xml:215:9-108
	android:name
		ADDED from BaseAnimation/BaseAnimation/AndroidManifest.xml:215:19-105
activity#com.duguang.baseanimation.ui.customview.progressbar.ProgressBar_Left
ADDED from BaseAnimation/BaseAnimation/AndroidManifest.xml:216:9-105
	android:name
		ADDED from BaseAnimation/BaseAnimation/AndroidManifest.xml:216:19-102
activity#com.duguang.baseanimation.ui.customview.progressbar.ProgressBar_Right
ADDED from BaseAnimation/BaseAnimation/AndroidManifest.xml:217:9-106
	android:name
		ADDED from BaseAnimation/BaseAnimation/AndroidManifest.xml:217:19-103
activity#com.duguang.baseanimation.ui.customview.lodingdialog.LoadingDialogMainActivity
ADDED from BaseAnimation/BaseAnimation/AndroidManifest.xml:218:9-115
	android:name
		ADDED from BaseAnimation/BaseAnimation/AndroidManifest.xml:218:19-112
activity#com.duguang.baseanimation.ui.customview.popwindow.PoupWindowMainActivity
ADDED from BaseAnimation/BaseAnimation/AndroidManifest.xml:219:9-109
	android:name
		ADDED from BaseAnimation/BaseAnimation/AndroidManifest.xml:219:19-106
activity#com.duguang.baseanimation.ui.customview.DialogsMainActivity
ADDED from BaseAnimation/BaseAnimation/AndroidManifest.xml:220:9-96
	android:name
		ADDED from BaseAnimation/BaseAnimation/AndroidManifest.xml:220:19-93
activity#com.duguang.baseanimation.ui.customview.yzhou.TwoSidedViewActivity
ADDED from BaseAnimation/BaseAnimation/AndroidManifest.xml:221:9-103
	android:name
		ADDED from BaseAnimation/BaseAnimation/AndroidManifest.xml:221:19-100
activity#com.duguang.baseanimation.ui.customview.TransparentPopWindowMenu
ADDED from BaseAnimation/BaseAnimation/AndroidManifest.xml:222:9-101
	android:name
		ADDED from BaseAnimation/BaseAnimation/AndroidManifest.xml:222:19-98
activity#com.duguang.baseanimation.ui.customview.serchfly.SearchFlyActivity
ADDED from BaseAnimation/BaseAnimation/AndroidManifest.xml:223:9-103
	android:name
		ADDED from BaseAnimation/BaseAnimation/AndroidManifest.xml:223:19-100
activity#com.duguang.baseanimation.ui.customview.badger.BadgerMainActivity
ADDED from BaseAnimation/BaseAnimation/AndroidManifest.xml:224:9-102
	android:name
		ADDED from BaseAnimation/BaseAnimation/AndroidManifest.xml:224:19-99
activity#com.duguang.baseanimation.ui.customview.switchs.SwitchMainActivity
ADDED from BaseAnimation/BaseAnimation/AndroidManifest.xml:225:9-103
	android:name
		ADDED from BaseAnimation/BaseAnimation/AndroidManifest.xml:225:19-100